
The following files have been resolved:
   org.glassfish.hk2:hk2-utils:jar:2.5.0-b32:compile
   org.glassfish.jersey.bundles.repackaged:jersey-guava:jar:2.25.1:compile
   org.glassfish.jersey.containers:jersey-container-grizzly2-http:jar:2.25.1:compile
   commons-io:commons-io:jar:2.5:compile
   com.fasterxml.jackson.core:jackson-annotations:jar:2.8.0:compile
   org.apache.httpcomponents:httpclient:jar:4.5.3:compile
   org.glassfish.jersey.core:jersey-common:jar:2.25.1:compile
   org.glassfish.jersey.core:jersey-server:jar:2.25.1:compile
   org.mariuszgromada.math:MathParser.org-mXparser:jar:4.2.0:compile
   com.google.inject:guice:jar:4.1.0:compile
   org.javassist:javassist:jar:3.20.0-GA:compile
   aopalliance:aopalliance:jar:1.0:compile
   com.google.guava:guava:jar:19.0:compile
   org.glassfish.hk2:hk2-locator:jar:2.5.0-b32:compile
   com.fasterxml.jackson.module:jackson-module-jaxb-annotations:jar:2.8.7:compile
   org.glassfish.jersey.core:jersey-client:jar:2.25.1:compile
   org.telegram:telegrambots-meta:jar:4.1:compile
   com.fasterxml.jackson.jaxrs:jackson-jaxrs-base:jar:2.8.7:compile
   com.fasterxml.jackson.core:jackson-databind:jar:2.8.7:compile
   org.glassfish.jersey.media:jersey-media-jaxb:jar:2.25.1:compile
   org.glassfish.hk2.external:aopalliance-repackaged:jar:2.5.0-b32:compile
   org.glassfish.jersey.media:jersey-media-json-jackson:jar:2.25.1:compile
   org.glassfish.hk2.external:javax.inject:jar:2.5.0-b32:compile
   org.telegram:telegrambots:jar:4.1:compile
   javax.annotation:javax.annotation-api:jar:1.2:compile
   org.apache.httpcomponents:httpmime:jar:4.5.3:compile
   org.glassfish.hk2:hk2-api:jar:2.5.0-b32:compile
   javax.inject:javax.inject:jar:1:compile
   com.fasterxml.jackson.core:jackson-core:jar:2.8.7:compile
   org.glassfish.hk2:osgi-resource-locator:jar:1.0.1:compile
   org.apache.httpcomponents:httpcore:jar:4.4.6:compile
   org.glassfish.jersey.ext:jersey-entity-filtering:jar:2.25.1:compile
   org.json:json:jar:20160810:compile
   commons-codec:commons-codec:jar:1.9:compile
   org.glassfish.grizzly:grizzly-http-server:jar:2.3.28:compile
   javax.ws.rs:javax.ws.rs-api:jar:2.0.1:compile
   commons-logging:commons-logging:jar:1.2:compile
   org.glassfish.grizzly:grizzly-framework:jar:2.3.28:compile
   javax.validation:validation-api:jar:1.1.0.Final:compile
   com.fasterxml.jackson.jaxrs:jackson-jaxrs-json-provider:jar:2.8.7:compile
   org.glassfish.grizzly:grizzly-http:jar:2.3.28:compile

