
The following files have been resolved:
   com.fasterxml.jackson.jaxrs:jackson-jaxrs-json-provider:jar:2.9.9:compile
   org.glassfish.jersey.containers:jersey-container-grizzly2-http:jar:2.29:compile
   org.glassfish.hk2:hk2-utils:jar:2.5.0:compile
   org.telegram:telegrambots-meta:jar:4.4.0.1:compile
   org.glassfish.jersey.core:jersey-common:jar:2.29:compile
   org.glassfish.jersey.core:jersey-server:jar:2.29:compile
   com.google.guava:listenablefuture:jar:9999.0-empty-to-avoid-conflict-with-guava:compile
   aopalliance:aopalliance:jar:1.0:compile
   org.glassfish.hk2:hk2-locator:jar:2.5.0:compile
   com.fasterxml.jackson.module:jackson-module-jaxb-annotations:jar:2.9.9:compile
   org.glassfish.hk2.external:aopalliance-repackaged:jar:2.5.0:compile
   org.glassfish.grizzly:grizzly-http:jar:2.4.4:compile
   org.apache.logging.log4j:log4j-core:jar:2.12.0:compile
   org.apache.httpcomponents:httpmime:jar:4.5.9:compile
   javax.validation:validation-api:jar:2.0.1.Final:compile
   com.fasterxml.jackson.core:jackson-core:jar:2.9.9:compile
   org.javassist:javassist:jar:3.22.0-CR2:compile
   commons-io:commons-io:jar:2.6:compile
   com.google.j2objc:j2objc-annotations:jar:1.3:compile
   org.codehaus.mojo:animal-sniffer-annotations:jar:1.17:compile
   org.json:json:jar:20180813:compile
   org.glassfish.hk2:osgi-resource-locator:jar:1.0.3:compile
   org.checkerframework:checker-qual:jar:2.8.1:compile
   com.google.guava:failureaccess:jar:1.0.1:compile
   org.glassfish.jersey.inject:jersey-hk2:jar:2.29:compile
   org.glassfish.jersey.media:jersey-media-jaxb:jar:2.29:compile
   commons-logging:commons-logging:jar:1.2:compile
   org.glassfish.hk2.external:jakarta.inject:jar:2.5.0:compile
   jakarta.annotation:jakarta.annotation-api:jar:1.3.4:compile
   com.google.errorprone:error_prone_annotations:jar:2.3.2:compile
   commons-codec:commons-codec:jar:1.11:compile
   com.google.code.findbugs:jsr305:jar:3.0.2:compile
   com.jcraft:jsch:jar:0.1.55:compile
   com.fasterxml.jackson.jaxrs:jackson-jaxrs-base:jar:2.9.9:compile
   org.glassfish.grizzly:grizzly-http-server:jar:2.4.4:compile
   com.fasterxml.jackson.core:jackson-databind:jar:2.9.9:compile
   org.glassfish.jersey.core:jersey-client:jar:2.29:compile
   com.google.inject:guice:jar:4.2.2:compile
   org.glassfish.jersey.ext:jersey-entity-filtering:jar:2.29:compile
   org.mariuszgromada.math:MathParser.org-mXparser:jar:4.3.3:compile
   com.fasterxml.jackson.core:jackson-annotations:jar:2.9.9:compile
   org.telegram:telegrambots:jar:4.4.0.1:compile
   org.apache.httpcomponents:httpclient:jar:4.5.9:compile
   org.glassfish.hk2:hk2-api:jar:2.5.0:compile
   javax.inject:javax.inject:jar:1:compile
   org.apache.httpcomponents:httpcore:jar:4.4.11:compile
   jakarta.ws.rs:jakarta.ws.rs-api:jar:2.1.5:compile
   org.glassfish.jersey.media:jersey-media-json-jackson:jar:2.29:compile
   org.glassfish.grizzly:grizzly-framework:jar:2.4.4:compile
   com.google.guava:guava:jar:28.0-jre:compile
   org.apache.logging.log4j:log4j-api:jar:2.12.0:compile

